"D:\code\CLion 2019.3.6\bin\cmake\win\bin\cmake.exe" -DCMAKE_BUILD_TYPE=Debug -G "CodeBlocks - NMake Makefiles" D:\code\Github\Leetcode\work！
-- The C compiler identification is MSVC 19.27.29111.0
-- The CXX compiler identification is MSVC 19.27.29111.0
-- Check for working C compiler: C:/Program Files (x86)/Microsoft Visual Studio/2019/Enterprise/VC/Tools/MSVC/14.27.29110/bin/Hostx86/x86/cl.exe
-- Check for working C compiler: C:/Program Files (x86)/Microsoft Visual Studio/2019/Enterprise/VC/Tools/MSVC/14.27.29110/bin/Hostx86/x86/cl.exe -- broken
CMake Error at D:/code/CLion 2019.3.6/bin/cmake/win/share/cmake-3.15/Modules/CMakeTestCCompiler.cmake:60 (message):
  The C compiler

    "C:/Program Files (x86)/Microsoft Visual Studio/2019/Enterprise/VC/Tools/MSVC/14.27.29110/bin/Hostx86/x86/cl.exe"

  is not able to compile a simple test program.

  It fails with the following output:

    Change Dir: D:/code/Github/Leetcode/work锛�/cmake-build-debug/CMakeFiles/CMakeTmp
    
    Run Build Command(s):nmake /nologo cmTC_d18af\fast && 	"C:\Program Files (x86)\Microsoft Visual Studio\2019\Enterprise\VC\Tools\MSVC\14.27.29110\bin\HostX86\x86\nmake.exe" -f CMakeFiles\cmTC_d18af.dir\build.make /nologo -L                  CMakeFiles\cmTC_d18af.dir\build
    Building C object CMakeFiles/cmTC_d18af.dir/testCCompiler.c.obj
    	C:\PROGRA~2\MICROS~1\2019\ENTERP~1\VC\Tools\MSVC\1427~1.291\bin\Hostx86\x86\cl.exe @C:\Users\ls\AppData\Local\Temp\nmC117.tmp
    testCCompiler.c
    Linking C executable cmTC_d18af.exe
    	"D:\code\CLion 2019.3.6\bin\cmake\win\bin\cmake.exe" -E vs_link_exe --intdir=CMakeFiles\cmTC_d18af.dir --rc="D:\Windows Kits\10\bin\10.0.18362.0\x86\rc.exe" --mt="D:\Windows Kits\10\bin\10.0.18362.0\x86\mt.exe" --manifests  -- C:\PROGRA~2\MICROS~1\2019\ENTERP~1\VC\Tools\MSVC\1427~1.291\bin\Hostx86\x86\link.exe /nologo @CMakeFiles\cmTC_d18af.dir\objects1.rsp @C:\Users\ls\AppData\Local\Temp\nmC30C.tmp
    LINK Pass 1: command "C:\PROGRA~2\MICROS~1\2019\ENTERP~1\VC\Tools\MSVC\1427~1.291\bin\Hostx86\x86\link.exe /nologo @CMakeFiles\cmTC_d18af.dir\objects1.rsp /out:cmTC_d18af.exe /implib:cmTC_d18af.lib /pdb:D:\code\Github\Leetcode\work??\cmake-build-debug\CMakeFiles\CMakeTmp\cmTC_d18af.pdb /version:0.0 /machine:X86 /debug /INCREMENTAL /subsystem:console kernel32.lib user32.lib gdi32.lib winspool.lib shell32.lib ole32.lib oleaut32.lib uuid.lib comdlg32.lib advapi32.lib /MANIFEST /MANIFESTFILE:CMakeFiles\cmTC_d18af.dir/intermediate.manifest CMakeFiles\cmTC_d18af.dir/manifest.res" failed (exit code 1201) with the following output:
    LINK : fatal error LNK1201: 鍐欏叆绋嬪簭鏁版嵁搴撯�淒:\code\Github\Leetcode\work??\cmake-build-debug\CMakeFiles\CMakeTmp\cmTC_d18af.pdb鈥濇椂鍑洪敊锛涜妫�鏌ユ槸鍚︽槸纾佺洏绌洪棿涓嶈冻銆佽矾寰勬棤鏁堟垨鏉冮檺涓嶅
    NMAKE : fatal error U1077: 鈥�"D:\code\CLion 2019.3.6\bin\cmake\win\bin\cmake.exe"鈥�: 杩斿洖浠ｇ爜鈥�0xffffffff鈥�
    Stop.
    NMAKE : fatal error U1077: 鈥�"C:\Program Files (x86)\Microsoft Visual Studio\2019\Enterprise\VC\Tools\MSVC\14.27.29110\bin\HostX86\x86\nmake.exe"鈥�: 杩斿洖浠ｇ爜鈥�0x2鈥�
    Stop.
    
    

  

  CMake will not be able to correctly generate this project.
Call Stack (most recent call first):
  CMakeLists.txt:2 (project)


-- Configuring incomplete, errors occurred!
See also "D:/code/Github/Leetcode/work锛�/cmake-build-debug/CMakeFiles/CMakeOutput.log".
See also "D:/code/Github/Leetcode/work锛�/cmake-build-debug/CMakeFiles/CMakeError.log".
